{"environment":"development","hostname":"WIN-7DM6N36LL6N","level":"info","logDir":"./logs","logLevel":"info","message":"Logger initialized","pid":11877,"service":"trivia-game","timestamp":"2026-01-06 09:48:19.530","transports":["Console","DailyRotateFile","DailyRotateFile","DailyRotateFile","DailyRotateFile","DailyRotateFile"],"version":"1.0.0"}
{"environment":"development","hostname":"WIN-7DM6N36LL6N","httpOnly":true,"level":"info","message":"✅ Secure cookie middleware initialized","pid":11877,"sameSite":"strict","secure":false,"service":"trivia-game","timestamp":"2026-01-06 09:48:25.243","version":"1.0.0"}
{"environment":"development","hostname":"WIN-7DM6N36LL6N","level":"info","message":"Redis test: 1","pid":11877,"service":"trivia-game","timestamp":"2026-01-06 09:48:25.468","version":"1.0.0"}
{"environment":"development","hostname":"WIN-7DM6N36LL6N","level":"info","message":"Redis test: 1","pid":11877,"service":"trivia-game","timestamp":"2026-01-06 09:48:25.822","version":"1.0.0"}
{"environment":"development","hostname":"WIN-7DM6N36LL6N","level":"info","message":"🚀 Server is running on port 5000","pid":11877,"service":"trivia-game","timestamp":"2026-01-06 09:48:25.824","version":"1.0.0"}
{"environment":"development","hostname":"WIN-7DM6N36LL6N","level":"info","message":"🔐 Treasury wallet loaded from AWS Secrets Manager","pid":11877,"service":"trivia-game","timestamp":"2026-01-06 09:48:25.824","version":"1.0.0"}
{"category":"SOCKET","environment":"development","event":"connect","hostname":"WIN-7DM6N36LL6N","level":"info","message":"Socket connected","pid":11877,"service":"trivia-game","timestamp":"2026-01-06 09:48:47.744","transport":"websocket","version":"1.0.0"}
{"category":"SOCKET","environment":"development","event":"connect","hostname":"WIN-7DM6N36LL6N","level":"info","message":"Socket connected","pid":11877,"service":"trivia-game","timestamp":"2026-01-06 09:48:47.745","transport":"websocket","version":"1.0.0"}
{"environment":"development","hostname":"WIN-7DM6N36LL6N","level":"info","logDir":"./logs","logLevel":"info","message":"Logger initialized","pid":11916,"service":"trivia-game","timestamp":"2026-01-06 09:56:56.529","transports":["Console","DailyRotateFile","DailyRotateFile","DailyRotateFile","DailyRotateFile","DailyRotateFile"],"version":"1.0.0"}
{"environment":"development","hostname":"WIN-7DM6N36LL6N","httpOnly":true,"level":"info","message":"✅ Secure cookie middleware initialized","pid":11916,"sameSite":"strict","secure":false,"service":"trivia-game","timestamp":"2026-01-06 09:57:04.699","version":"1.0.0"}
{"environment":"development","hostname":"WIN-7DM6N36LL6N","level":"info","message":"Redis test: 1","pid":11916,"service":"trivia-game","timestamp":"2026-01-06 09:57:04.974","version":"1.0.0"}
{"environment":"development","hostname":"WIN-7DM6N36LL6N","level":"info","message":"Redis test: 1","pid":11916,"service":"trivia-game","timestamp":"2026-01-06 09:57:05.324","version":"1.0.0"}
{"environment":"development","hostname":"WIN-7DM6N36LL6N","level":"info","message":"🚀 Server is running on port 5000","pid":11916,"service":"trivia-game","timestamp":"2026-01-06 09:57:05.325","version":"1.0.0"}
{"environment":"development","hostname":"WIN-7DM6N36LL6N","level":"info","message":"🔐 Treasury wallet loaded from AWS Secrets Manager","pid":11916,"service":"trivia-game","timestamp":"2026-01-06 09:57:05.326","version":"1.0.0"}
{"category":"SOCKET","environment":"development","event":"connect","hostname":"WIN-7DM6N36LL6N","level":"info","message":"Socket connected","pid":11916,"service":"trivia-game","timestamp":"2026-01-06 09:57:10.176","transport":"websocket","version":"1.0.0"}
{"environment":"development","hostname":"WIN-7DM6N36LL6N","level":"info","message":"New client connected:","pid":11916,"service":"trivia-game","timestamp":"2026-01-06 09:57:10.177","version":"1.0.0"}
{"category":"SOCKET","environment":"development","event":"connect","hostname":"WIN-7DM6N36LL6N","level":"info","message":"Socket connected","pid":11916,"service":"trivia-game","timestamp":"2026-01-06 09:57:10.180","transport":"websocket","version":"1.0.0"}
{"environment":"development","hostname":"WIN-7DM6N36LL6N","level":"info","message":"New client connected:","pid":11916,"service":"trivia-game","timestamp":"2026-01-06 09:57:10.180","version":"1.0.0"}
{"environment":"development","hostname":"WIN-7DM6N36LL6N","level":"info","message":"Wallet login attempt:","pid":11916,"recaptchaToken":true,"service":"trivia-game","timestamp":"2026-01-06 09:57:10.187","version":"1.0.0","walletAddress":"TestWallet11767679029153"}
{"environment":"development","hostname":"WIN-7DM6N36LL6N","level":"info","message":"Wallet login attempt:","pid":11916,"recaptchaToken":true,"service":"trivia-game","timestamp":"2026-01-06 09:57:10.187","version":"1.0.0","walletAddress":"TestWallet21767679029153"}
{"environment":"development","error-codes":["invalid-input-response"],"hostname":"WIN-7DM6N36LL6N","level":"info","message":"reCAPTCHA verification response:","pid":11916,"service":"trivia-game","success":false,"timestamp":"2026-01-06 09:57:10.986","version":"1.0.0"}
{"environment":"development","error":{},"hostname":"WIN-7DM6N36LL6N","level":"error","message":"reCAPTCHA verification error:","pid":11916,"service":"trivia-game","timestamp":"2026-01-06 09:57:10.987","version":"1.0.0"}
{"environment":"development","hostname":"WIN-7DM6N36LL6N","level":"warn","message":"reCAPTCHA verification failed for wallet TestWallet11767679029153: Verification service unavailable. Please try again later.","pid":11916,"service":"trivia-game","timestamp":"2026-01-06 09:57:10.988","version":"1.0.0"}
{"environment":"development","error-codes":["invalid-input-response"],"hostname":"WIN-7DM6N36LL6N","level":"info","message":"reCAPTCHA verification response:","pid":11916,"service":"trivia-game","success":false,"timestamp":"2026-01-06 09:57:10.999","version":"1.0.0"}
{"environment":"development","error":{},"hostname":"WIN-7DM6N36LL6N","level":"error","message":"reCAPTCHA verification error:","pid":11916,"service":"trivia-game","timestamp":"2026-01-06 09:57:11.000","version":"1.0.0"}
{"environment":"development","hostname":"WIN-7DM6N36LL6N","level":"warn","message":"reCAPTCHA verification failed for wallet TestWallet21767679029153: Verification service unavailable. Please try again later.","pid":11916,"service":"trivia-game","timestamp":"2026-01-06 09:57:11.001","version":"1.0.0"}
{"category":"AUTH","environment":"development","event":"Unauthorized joinGame from socket 9P6AexDJHvs0wRUHAAAC","hostname":"WIN-7DM6N36LL6N","level":"security","message":"Unauthorized joinGame from socket 9P6AexDJHvs0wRUHAAAC","pid":11916,"service":"trivia-game","timestamp":"2026-01-06 09:57:13.172","version":"1.0.0"}
{"category":"AUTH","environment":"development","event":"Unauthorized joinGame from socket ea8iGPeFwXg5V4ozAAAD","hostname":"WIN-7DM6N36LL6N","level":"security","message":"Unauthorized joinGame from socket ea8iGPeFwXg5V4ozAAAD","pid":11916,"service":"trivia-game","timestamp":"2026-01-06 09:57:13.174","version":"1.0.0"}
{"category":"AUTH","environment":"development","event":"Unauthorized playerReady from socket 9P6AexDJHvs0wRUHAAAC","hostname":"WIN-7DM6N36LL6N","level":"security","message":"Unauthorized playerReady from socket 9P6AexDJHvs0wRUHAAAC","pid":11916,"service":"trivia-game","timestamp":"2026-01-06 09:57:15.176","version":"1.0.0"}
{"category":"AUTH","environment":"development","event":"Unauthorized playerReady from socket ea8iGPeFwXg5V4ozAAAD","hostname":"WIN-7DM6N36LL6N","level":"security","message":"Unauthorized playerReady from socket ea8iGPeFwXg5V4ozAAAD","pid":11916,"service":"trivia-game","timestamp":"2026-01-06 09:57:15.177","version":"1.0.0"}
{"category":"AUTH","environment":"development","event":"Unauthorized submitAnswer from socket 9P6AexDJHvs0wRUHAAAC","hostname":"WIN-7DM6N36LL6N","level":"security","message":"Unauthorized submitAnswer from socket 9P6AexDJHvs0wRUHAAAC","pid":11916,"service":"trivia-game","timestamp":"2026-01-06 09:57:18.176","version":"1.0.0"}
{"category":"AUTH","environment":"development","event":"Unauthorized submitAnswer from socket ea8iGPeFwXg5V4ozAAAD","hostname":"WIN-7DM6N36LL6N","level":"security","message":"Unauthorized submitAnswer from socket ea8iGPeFwXg5V4ozAAAD","pid":11916,"service":"trivia-game","timestamp":"2026-01-06 09:57:18.177","version":"1.0.0"}
{"category":"SOCKET","duration":11005,"environment":"development","event":"disconnect","hostname":"WIN-7DM6N36LL6N","level":"info","message":"Socket disconnected","pid":11916,"reason":"client namespace disconnect","service":"trivia-game","timestamp":"2026-01-06 09:57:21.182","version":"1.0.0"}
{"category":"METRIC","duration":11005,"environment":"development","event":"socket_session","hostname":"WIN-7DM6N36LL6N","level":"info","message":"socket_session","pid":11916,"reason":"client namespace disconnect","service":"trivia-game","timestamp":"2026-01-06 09:57:21.183","version":"1.0.0"}
{"environment":"development","hostname":"WIN-7DM6N36LL6N","level":"info","message":"Client disconnected:","pid":11916,"service":"trivia-game","timestamp":"2026-01-06 09:57:21.185","version":"1.0.0"}
{"environment":"development","hostname":"WIN-7DM6N36LL6N","level":"info","message":"No room associated with disconnected socket 9P6AexDJHvs0wRUHAAAC","pid":11916,"service":"trivia-game","timestamp":"2026-01-06 09:57:21.185","version":"1.0.0"}
{"category":"SOCKET","duration":11006,"environment":"development","event":"disconnect","hostname":"WIN-7DM6N36LL6N","level":"info","message":"Socket disconnected","pid":11916,"reason":"client namespace disconnect","service":"trivia-game","timestamp":"2026-01-06 09:57:21.186","version":"1.0.0"}
{"category":"METRIC","duration":11006,"environment":"development","event":"socket_session","hostname":"WIN-7DM6N36LL6N","level":"info","message":"socket_session","pid":11916,"reason":"client namespace disconnect","service":"trivia-game","timestamp":"2026-01-06 09:57:21.186","version":"1.0.0"}
{"environment":"development","hostname":"WIN-7DM6N36LL6N","level":"info","message":"Client disconnected:","pid":11916,"service":"trivia-game","timestamp":"2026-01-06 09:57:21.187","version":"1.0.0"}
{"environment":"development","hostname":"WIN-7DM6N36LL6N","level":"info","message":"No room associated with disconnected socket ea8iGPeFwXg5V4ozAAAD","pid":11916,"service":"trivia-game","timestamp":"2026-01-06 09:57:21.187","version":"1.0.0"}
{"environment":"development","hostname":"WIN-7DM6N36LL6N","level":"info","logDir":"./logs","logLevel":"info","message":"Logger initialized","pid":11995,"service":"trivia-game","timestamp":"2026-01-06 09:59:55.423","transports":["Console","DailyRotateFile","DailyRotateFile","DailyRotateFile","DailyRotateFile","DailyRotateFile"],"version":"1.0.0"}
{"environment":"development","hostname":"WIN-7DM6N36LL6N","httpOnly":true,"level":"info","message":"✅ Secure cookie middleware initialized","pid":11995,"sameSite":"strict","secure":false,"service":"trivia-game","timestamp":"2026-01-06 10:00:01.643","version":"1.0.0"}
{"environment":"development","hostname":"WIN-7DM6N36LL6N","level":"info","message":"Redis test: 1","pid":11995,"service":"trivia-game","timestamp":"2026-01-06 10:00:01.816","version":"1.0.0"}
{"environment":"development","hostname":"WIN-7DM6N36LL6N","level":"info","message":"Redis test: 1","pid":11995,"service":"trivia-game","timestamp":"2026-01-06 10:00:02.214","version":"1.0.0"}
{"environment":"development","hostname":"WIN-7DM6N36LL6N","level":"info","message":"🚀 Server is running on port 5000","pid":11995,"service":"trivia-game","timestamp":"2026-01-06 10:00:02.215","version":"1.0.0"}
{"environment":"development","hostname":"WIN-7DM6N36LL6N","level":"info","message":"🔐 Treasury wallet loaded from AWS Secrets Manager","pid":11995,"service":"trivia-game","timestamp":"2026-01-06 10:00:02.215","version":"1.0.0"}
{"category":"SOCKET","environment":"development","event":"connect","hostname":"WIN-7DM6N36LL6N","level":"info","message":"Socket connected","pid":11995,"service":"trivia-game","timestamp":"2026-01-06 10:00:07.938","transport":"websocket","version":"1.0.0"}
{"environment":"development","hostname":"WIN-7DM6N36LL6N","level":"info","message":"New client connected:","pid":11995,"service":"trivia-game","timestamp":"2026-01-06 10:00:07.941","version":"1.0.0"}
{"category":"SOCKET","environment":"development","event":"connect","hostname":"WIN-7DM6N36LL6N","level":"info","message":"Socket connected","pid":11995,"service":"trivia-game","timestamp":"2026-01-06 10:00:07.943","transport":"websocket","version":"1.0.0"}
{"environment":"development","hostname":"WIN-7DM6N36LL6N","level":"info","message":"New client connected:","pid":11995,"service":"trivia-game","timestamp":"2026-01-06 10:00:07.944","version":"1.0.0"}
{"environment":"development","hostname":"WIN-7DM6N36LL6N","level":"info","message":"Wallet login attempt:","pid":11995,"recaptchaToken":true,"service":"trivia-game","timestamp":"2026-01-06 10:00:07.945","version":"1.0.0","walletAddress":"TestWallet11767679206901"}
{"environment":"development","hostname":"WIN-7DM6N36LL6N","level":"info","message":"Wallet login attempt:","pid":11995,"recaptchaToken":true,"service":"trivia-game","timestamp":"2026-01-06 10:00:07.946","version":"1.0.0","walletAddress":"TestWallet21767679206901"}
{"environment":"development","hostname":"WIN-7DM6N36LL6N","level":"info","message":"reCAPTCHA verification result:","pid":11995,"score":1,"service":"trivia-game","success":true,"timestamp":"2026-01-06 10:00:07.946","version":"1.0.0"}
{"environment":"development","hostname":"WIN-7DM6N36LL6N","level":"warn","message":"Client data anomalies for TestWallet11767679206901: missing clientData","pid":11995,"service":"trivia-game","timestamp":"2026-01-06 10:00:07.946","version":"1.0.0"}
{"environment":"development","hostname":"WIN-7DM6N36LL6N","level":"info","message":"reCAPTCHA verification result:","pid":11995,"score":1,"service":"trivia-game","success":true,"timestamp":"2026-01-06 10:00:07.948","version":"1.0.0"}
{"environment":"development","hostname":"WIN-7DM6N36LL6N","level":"warn","message":"Client data anomalies for TestWallet21767679206901: missing clientData","pid":11995,"service":"trivia-game","timestamp":"2026-01-06 10:00:07.948","version":"1.0.0"}
{"category":"AUTH","environment":"development","event":"Unauthorized joinGame from socket AfNt6ERhjkPiXHNWAAAC","hostname":"WIN-7DM6N36LL6N","level":"security","message":"Unauthorized joinGame from socket AfNt6ERhjkPiXHNWAAAC","pid":11995,"service":"trivia-game","timestamp":"2026-01-06 10:00:10.929","version":"1.0.0"}
{"category":"AUTH","environment":"development","event":"Unauthorized joinGame from socket jA_TCaT_3zHFCuWtAAAD","hostname":"WIN-7DM6N36LL6N","level":"security","message":"Unauthorized joinGame from socket jA_TCaT_3zHFCuWtAAAD","pid":11995,"service":"trivia-game","timestamp":"2026-01-06 10:00:10.930","version":"1.0.0"}
{"category":"AUTH","environment":"development","event":"Unauthorized playerReady from socket AfNt6ERhjkPiXHNWAAAC","hostname":"WIN-7DM6N36LL6N","level":"security","message":"Unauthorized playerReady from socket AfNt6ERhjkPiXHNWAAAC","pid":11995,"service":"trivia-game","timestamp":"2026-01-06 10:00:12.929","version":"1.0.0"}
{"category":"AUTH","environment":"development","event":"Unauthorized playerReady from socket jA_TCaT_3zHFCuWtAAAD","hostname":"WIN-7DM6N36LL6N","level":"security","message":"Unauthorized playerReady from socket jA_TCaT_3zHFCuWtAAAD","pid":11995,"service":"trivia-game","timestamp":"2026-01-06 10:00:12.931","version":"1.0.0"}
{"category":"AUTH","environment":"development","event":"Unauthorized submitAnswer from socket AfNt6ERhjkPiXHNWAAAC","hostname":"WIN-7DM6N36LL6N","level":"security","message":"Unauthorized submitAnswer from socket AfNt6ERhjkPiXHNWAAAC","pid":11995,"service":"trivia-game","timestamp":"2026-01-06 10:00:15.929","version":"1.0.0"}
{"category":"AUTH","environment":"development","event":"Unauthorized submitAnswer from socket jA_TCaT_3zHFCuWtAAAD","hostname":"WIN-7DM6N36LL6N","level":"security","message":"Unauthorized submitAnswer from socket jA_TCaT_3zHFCuWtAAAD","pid":11995,"service":"trivia-game","timestamp":"2026-01-06 10:00:15.930","version":"1.0.0"}
{"category":"SOCKET","duration":10994,"environment":"development","event":"disconnect","hostname":"WIN-7DM6N36LL6N","level":"info","message":"Socket disconnected","pid":11995,"reason":"client namespace disconnect","service":"trivia-game","timestamp":"2026-01-06 10:00:18.933","version":"1.0.0"}
{"category":"METRIC","duration":10994,"environment":"development","event":"socket_session","hostname":"WIN-7DM6N36LL6N","level":"info","message":"socket_session","pid":11995,"reason":"client namespace disconnect","service":"trivia-game","timestamp":"2026-01-06 10:00:18.934","version":"1.0.0"}
{"environment":"development","hostname":"WIN-7DM6N36LL6N","level":"info","message":"Client disconnected:","pid":11995,"service":"trivia-game","timestamp":"2026-01-06 10:00:18.934","version":"1.0.0"}
{"environment":"development","hostname":"WIN-7DM6N36LL6N","level":"info","message":"No room associated with disconnected socket AfNt6ERhjkPiXHNWAAAC","pid":11995,"service":"trivia-game","timestamp":"2026-01-06 10:00:18.935","version":"1.0.0"}
{"category":"SOCKET","duration":10992,"environment":"development","event":"disconnect","hostname":"WIN-7DM6N36LL6N","level":"info","message":"Socket disconnected","pid":11995,"reason":"client namespace disconnect","service":"trivia-game","timestamp":"2026-01-06 10:00:18.935","version":"1.0.0"}
{"category":"METRIC","duration":10992,"environment":"development","event":"socket_session","hostname":"WIN-7DM6N36LL6N","level":"info","message":"socket_session","pid":11995,"reason":"client namespace disconnect","service":"trivia-game","timestamp":"2026-01-06 10:00:18.935","version":"1.0.0"}
{"environment":"development","hostname":"WIN-7DM6N36LL6N","level":"info","message":"Client disconnected:","pid":11995,"service":"trivia-game","timestamp":"2026-01-06 10:00:18.936","version":"1.0.0"}
{"environment":"development","hostname":"WIN-7DM6N36LL6N","level":"info","message":"No room associated with disconnected socket jA_TCaT_3zHFCuWtAAAD","pid":11995,"service":"trivia-game","timestamp":"2026-01-06 10:00:18.936","version":"1.0.0"}
