{"environment":"development","hostname":"WIN-7DM6N36LL6N","level":"info","logDir":"./logs","logLevel":"info","message":"Logger initialized","pid":8433,"service":"trivia-game","timestamp":"2025-12-25 11:29:00.291","transports":["Console","DailyRotateFile","DailyRotateFile","DailyRotateFile","DailyRotateFile","DailyRotateFile"],"version":"1.0.0"}
{"environment":"development","hostname":"WIN-7DM6N36LL6N","httpOnly":true,"level":"info","message":"✅ Secure cookie middleware initialized","pid":8433,"sameSite":"strict","secure":false,"service":"trivia-game","timestamp":"2025-12-25 11:29:11.807","version":"1.0.0"}
{"environment":"development","error":{},"hostname":"WIN-7DM6N36LL6N","level":"error","message":"❌ Failed to start server:","pid":8433,"service":"trivia-game","timestamp":"2025-12-25 11:29:12.438","version":"1.0.0"}
{"environment":"development","hostname":"WIN-7DM6N36LL6N","level":"info","logDir":"./logs","logLevel":"info","message":"Logger initialized","pid":8470,"service":"trivia-game","timestamp":"2025-12-25 11:32:32.810","transports":["Console","DailyRotateFile","DailyRotateFile","DailyRotateFile","DailyRotateFile","DailyRotateFile"],"version":"1.0.0"}
{"environment":"development","hostname":"WIN-7DM6N36LL6N","httpOnly":true,"level":"info","message":"✅ Secure cookie middleware initialized","pid":8470,"sameSite":"strict","secure":false,"service":"trivia-game","timestamp":"2025-12-25 11:32:44.655","version":"1.0.0"}
{"environment":"development","error":{},"hostname":"WIN-7DM6N36LL6N","level":"error","message":"❌ Failed to start server:","pid":8470,"service":"trivia-game","timestamp":"2025-12-25 11:32:45.248","version":"1.0.0"}
{"environment":"development","hostname":"WIN-7DM6N36LL6N","level":"info","logDir":"./logs","logLevel":"info","message":"Logger initialized","pid":8548,"service":"trivia-game","timestamp":"2025-12-25 11:48:10.349","transports":["Console","DailyRotateFile","DailyRotateFile","DailyRotateFile","DailyRotateFile","DailyRotateFile"],"version":"1.0.0"}
{"environment":"development","hostname":"WIN-7DM6N36LL6N","httpOnly":true,"level":"info","message":"✅ Secure cookie middleware initialized","pid":8548,"sameSite":"strict","secure":false,"service":"trivia-game","timestamp":"2025-12-25 11:48:27.622","version":"1.0.0"}
{"environment":"development","error":{},"hostname":"WIN-7DM6N36LL6N","level":"error","message":"❌ Failed to start server:","pid":8548,"service":"trivia-game","timestamp":"2025-12-25 11:48:28.173","version":"1.0.0"}
{"environment":"development","hostname":"WIN-7DM6N36LL6N","level":"info","logDir":"./logs","logLevel":"info","message":"Logger initialized","pid":9488,"service":"trivia-game","timestamp":"2025-12-25 21:26:15.720","transports":["Console","DailyRotateFile","DailyRotateFile","DailyRotateFile","DailyRotateFile","DailyRotateFile"],"version":"1.0.0"}
{"environment":"development","hostname":"WIN-7DM6N36LL6N","httpOnly":true,"level":"info","message":"✅ Secure cookie middleware initialized","pid":9488,"sameSite":"strict","secure":false,"service":"trivia-game","timestamp":"2025-12-25 21:26:49.516","version":"1.0.0"}
{"environment":"development","hostname":"WIN-7DM6N36LL6N","level":"info","message":"Redis test: 1","pid":9488,"service":"trivia-game","timestamp":"2025-12-25 21:26:50.016","version":"1.0.0"}
{"environment":"development","hostname":"WIN-7DM6N36LL6N","level":"info","message":"Redis test: 1","pid":9488,"service":"trivia-game","timestamp":"2025-12-25 21:26:50.388","version":"1.0.0"}
{"environment":"development","hostname":"WIN-7DM6N36LL6N","level":"info","message":"Logger shutting down gracefully","pid":9488,"service":"trivia-game","timestamp":"2025-12-25 21:36:23.099","version":"1.0.0"}
{"environment":"development","hostname":"WIN-7DM6N36LL6N","level":"info","logDir":"./logs","logLevel":"info","message":"Logger initialized","pid":9801,"service":"trivia-game","timestamp":"2025-12-25 21:41:33.007","transports":["Console","DailyRotateFile","DailyRotateFile","DailyRotateFile","DailyRotateFile","DailyRotateFile"],"version":"1.0.0"}
{"environment":"development","hostname":"WIN-7DM6N36LL6N","httpOnly":true,"level":"info","message":"✅ Secure cookie middleware initialized","pid":9801,"sameSite":"strict","secure":false,"service":"trivia-game","timestamp":"2025-12-25 21:41:54.482","version":"1.0.0"}
{"environment":"development","hostname":"WIN-7DM6N36LL6N","level":"info","message":"Redis test: 1","pid":9801,"service":"trivia-game","timestamp":"2025-12-25 21:41:54.746","version":"1.0.0"}
{"environment":"development","hostname":"WIN-7DM6N36LL6N","level":"info","message":"Redis test: 1","pid":9801,"service":"trivia-game","timestamp":"2025-12-25 21:41:55.103","version":"1.0.0"}
{"environment":"development","hostname":"WIN-7DM6N36LL6N","level":"info","message":"Logger shutting down gracefully","pid":9801,"service":"trivia-game","timestamp":"2025-12-25 21:44:06.343","version":"1.0.0"}
{"environment":"development","hostname":"WIN-7DM6N36LL6N","level":"info","logDir":"./logs","logLevel":"info","message":"Logger initialized","pid":10104,"service":"trivia-game","timestamp":"2025-12-25 22:03:46.489","transports":["Console","DailyRotateFile","DailyRotateFile","DailyRotateFile","DailyRotateFile","DailyRotateFile"],"version":"1.0.0"}
{"environment":"development","hostname":"WIN-7DM6N36LL6N","httpOnly":true,"level":"info","message":"✅ Secure cookie middleware initialized","pid":10104,"sameSite":"strict","secure":false,"service":"trivia-game","timestamp":"2025-12-25 22:04:28.539","version":"1.0.0"}
{"environment":"development","hostname":"WIN-7DM6N36LL6N","level":"info","logDir":"./logs","logLevel":"info","message":"Logger initialized","pid":10130,"service":"trivia-game","timestamp":"2025-12-25 22:06:44.577","transports":["Console","DailyRotateFile","DailyRotateFile","DailyRotateFile","DailyRotateFile","DailyRotateFile"],"version":"1.0.0"}
{"environment":"development","hostname":"WIN-7DM6N36LL6N","httpOnly":true,"level":"info","message":"✅ Secure cookie middleware initialized","pid":10130,"sameSite":"strict","secure":false,"service":"trivia-game","timestamp":"2025-12-25 22:07:24.751","version":"1.0.0"}
{"environment":"development","hostname":"WIN-7DM6N36LL6N","level":"info","message":"Redis test: 1","pid":10130,"service":"trivia-game","timestamp":"2025-12-25 22:07:25.405","version":"1.0.0"}
{"environment":"development","hostname":"WIN-7DM6N36LL6N","level":"info","message":"Redis test: 1","pid":10130,"service":"trivia-game","timestamp":"2025-12-25 22:07:25.835","version":"1.0.0"}
{"environment":"development","hostname":"WIN-7DM6N36LL6N","level":"info","logDir":"./logs","logLevel":"info","message":"Logger initialized","pid":10207,"service":"trivia-game","timestamp":"2025-12-25 22:12:06.759","transports":["Console","DailyRotateFile","DailyRotateFile","DailyRotateFile","DailyRotateFile","DailyRotateFile"],"version":"1.0.0"}
{"environment":"development","hostname":"WIN-7DM6N36LL6N","httpOnly":true,"level":"info","message":"✅ Secure cookie middleware initialized","pid":10207,"sameSite":"strict","secure":false,"service":"trivia-game","timestamp":"2025-12-25 22:12:46.699","version":"1.0.0"}
{"environment":"development","hostname":"WIN-7DM6N36LL6N","level":"info","message":"Redis test: 1","pid":10207,"service":"trivia-game","timestamp":"2025-12-25 22:12:47.536","version":"1.0.0"}
{"environment":"development","hostname":"WIN-7DM6N36LL6N","level":"info","message":"Redis test: 1","pid":10207,"service":"trivia-game","timestamp":"2025-12-25 22:12:47.916","version":"1.0.0"}
{"environment":"development","hostname":"WIN-7DM6N36LL6N","level":"info","message":"🚀 Server is running on port 5000","pid":10207,"service":"trivia-game","timestamp":"2025-12-25 22:12:47.925","version":"1.0.0"}
{"environment":"development","hostname":"WIN-7DM6N36LL6N","level":"info","message":"🔐 Treasury wallet loaded from AWS Secrets Manager","pid":10207,"service":"trivia-game","timestamp":"2025-12-25 22:12:47.925","version":"1.0.0"}
{"category":"HTTP","environment":"development","hostname":"WIN-7DM6N36LL6N","level":"info","message":"HTTP request received","method":"GET","path":"/index.html","pid":10207,"service":"trivia-game","timestamp":"2025-12-25 22:12:48.202","version":"1.0.0"}
{"category":"HTTP","environment":"development","hostname":"WIN-7DM6N36LL6N","level":"info","message":"HTTP request received","method":"GET","path":"/styles.css","pid":10207,"referer":"http://localhost:5000/index.html","service":"trivia-game","timestamp":"2025-12-25 22:12:48.396","version":"1.0.0"}
{"category":"HTTP","environment":"development","hostname":"WIN-7DM6N36LL6N","level":"info","message":"HTTP request received","method":"GET","path":"/.well-known/appspecific/com.chrome.devtools.json","pid":10207,"service":"trivia-game","timestamp":"2025-12-25 22:12:48.399","version":"1.0.0"}
{"category":"HTTP","environment":"development","hostname":"WIN-7DM6N36LL6N","level":"info","message":"HTTP request received","method":"GET","path":"/favicon.ico","pid":10207,"referer":"http://localhost:5000/index.html","service":"trivia-game","timestamp":"2025-12-25 22:12:49.562","version":"1.0.0"}
{"category":"HTTP","environment":"development","hostname":"WIN-7DM6N36LL6N","level":"info","message":"HTTP request received","method":"GET","path":"/login.html","pid":10207,"referer":"http://localhost:5000/index.html","service":"trivia-game","timestamp":"2025-12-25 22:12:57.327","version":"1.0.0"}
{"category":"HTTP","environment":"development","hostname":"WIN-7DM6N36LL6N","level":"info","message":"HTTP request received","method":"GET","path":"/.well-known/appspecific/com.chrome.devtools.json","pid":10207,"service":"trivia-game","timestamp":"2025-12-25 22:12:57.493","version":"1.0.0"}
{"category":"HTTP","environment":"development","hostname":"WIN-7DM6N36LL6N","level":"info","message":"HTTP request received","method":"GET","path":"/styles.css","pid":10207,"referer":"http://localhost:5000/login.html","service":"trivia-game","timestamp":"2025-12-25 22:12:57.495","version":"1.0.0"}
{"category":"HTTP","environment":"development","hostname":"WIN-7DM6N36LL6N","level":"info","message":"HTTP request received","method":"GET","path":"/assets/phantom-icon.svg","pid":10207,"referer":"http://localhost:5000/login.html","service":"trivia-game","timestamp":"2025-12-25 22:12:57.507","version":"1.0.0"}
{"category":"SOCKET","environment":"development","event":"connect","hostname":"WIN-7DM6N36LL6N","level":"info","message":"Socket connected","pid":10207,"service":"trivia-game","timestamp":"2025-12-25 22:12:57.973","transport":"polling","version":"1.0.0"}
{"environment":"development","hostname":"WIN-7DM6N36LL6N","level":"info","message":"New client connected:","pid":10207,"service":"trivia-game","timestamp":"2025-12-25 22:12:57.979","version":"1.0.0"}
{"category":"HTTP","environment":"development","hostname":"WIN-7DM6N36LL6N","level":"info","message":"HTTP request received","method":"GET","path":"/api/auth/session","pid":10207,"referer":"http://localhost:5000/login.html","service":"trivia-game","timestamp":"2025-12-25 22:12:59.306","version":"1.0.0"}
{"category":"HTTP","correlationId":"9e2fc03b-099c-4902-be43-4aa8a4b69e89","duration":1,"environment":"development","hostname":"WIN-7DM6N36LL6N","level":"warn","message":"HTTP request","method":"GET","path":"/api/auth/session","pid":10207,"service":"trivia-game","statusCode":401,"timestamp":"2025-12-25 22:12:59.307","version":"1.0.0"}
{"category":"PERFORMANCE","correlationId":"9e2fc03b-099c-4902-be43-4aa8a4b69e89","duration":1,"environment":"development","event":"http_request","hostname":"WIN-7DM6N36LL6N","level":"performance","message":"http_request","method":"GET","path":"/api/auth/session","pid":10207,"service":"trivia-game","statusCode":401,"timestamp":"2025-12-25 22:12:59.308","version":"1.0.0"}
{"category":"HTTP","environment":"development","hostname":"WIN-7DM6N36LL6N","level":"info","message":"HTTP request received","method":"GET","path":"/assets/phantom-icon.svg","pid":10207,"referer":"http://localhost:5000/login.html","service":"trivia-game","timestamp":"2025-12-25 22:13:04.581","version":"1.0.0"}
{"environment":"development","hostname":"WIN-7DM6N36LL6N","level":"info","message":"Wallet login attempt:","pid":10207,"recaptchaToken":true,"service":"trivia-game","timestamp":"2025-12-25 22:13:11.956","version":"1.0.0","walletAddress":"3gomdZAz5M3CkH2AQ8GwciUveJgTJ5Sm8kHERmF94X5y"}
{"action":"wallet_connect","challenge_ts":"2025-12-25T18:12:57Z","environment":"development","hostname":"WIN-7DM6N36LL6N","level":"info","message":"reCAPTCHA verification response:","pid":10207,"score":0.9,"service":"trivia-game","success":true,"timestamp":"2025-12-25 22:13:14.250","version":"1.0.0"}
{"environment":"development","hostname":"WIN-7DM6N36LL6N","level":"info","message":"reCAPTCHA verification result:","pid":10207,"score":0.9,"service":"trivia-game","success":true,"timestamp":"2025-12-25 22:13:14.251","version":"1.0.0"}
{"environment":"development","hostname":"WIN-7DM6N36LL6N","level":"info","message":"[SESSION] Created session for 3gomdZAz5M3CkH2AQ8GwciUveJgTJ5Sm8kHERmF94X5y (expires in 24h)","pid":10207,"service":"trivia-game","timestamp":"2025-12-25 22:13:14.515","version":"1.0.0"}
{"environment":"development","hostname":"WIN-7DM6N36LL6N","level":"info","message":"[VERIFY] Created verification token for 3gomdZAz5M3CkH2AQ8GwciUveJgTJ5Sm8kHERmF94X5y","pid":10207,"service":"trivia-game","timestamp":"2025-12-25 22:13:14.517","version":"1.0.0"}
{"environment":"development","hostname":"WIN-7DM6N36LL6N","level":"info","message":"Login successful for wallet:","pid":10207,"service":"trivia-game","timestamp":"2025-12-25 22:13:14.518","version":"1.0.0"}
{"category":"HTTP","contentLength":"2087","environment":"development","hostname":"WIN-7DM6N36LL6N","level":"info","message":"HTTP request received","method":"POST","path":"/api/auth/login","pid":10207,"referer":"http://localhost:5000/login.html","service":"trivia-game","timestamp":"2025-12-25 22:13:16.045","version":"1.0.0"}
{"category":"AUTH","environment":"development","event":"Verification token validated for 3gomdZAz5M3CkH2AQ8GwciUveJgTJ5Sm8kHERmF94X5y","hostname":"WIN-7DM6N36LL6N","level":"security","message":"Verification token validated for 3gomdZAz5M3CkH2AQ8GwciUveJgTJ5Sm8kHERmF94X5y","pid":10207,"service":"trivia-game","timestamp":"2025-12-25 22:13:16.050","version":"1.0.0"}
{"action":"login","challenge_ts":"2025-12-25T18:12:57Z","environment":"development","hostname":"WIN-7DM6N36LL6N","level":"info","message":"reCAPTCHA verification response:","pid":10207,"score":0.9,"service":"trivia-game","success":true,"timestamp":"2025-12-25 22:13:16.348","version":"1.0.0"}
{"environment":"development","hostname":"WIN-7DM6N36LL6N","level":"info","message":"[SESSION] HTTP login successful for 3gomdZAz5M3CkH2AQ8GwciUveJgTJ5Sm8kHERmF94X5y","pid":10207,"service":"trivia-game","timestamp":"2025-12-25 22:13:16.357","version":"1.0.0"}
{"category":"HTTP","correlationId":"e022dd15-e772-41ba-b77e-98f761160715","duration":312,"environment":"development","hostname":"WIN-7DM6N36LL6N","level":"info","message":"HTTP request","method":"POST","path":"/api/auth/login","pid":10207,"service":"trivia-game","statusCode":200,"timestamp":"2025-12-25 22:13:16.359","version":"1.0.0"}
{"category":"PERFORMANCE","correlationId":"e022dd15-e772-41ba-b77e-98f761160715","duration":312,"environment":"development","event":"http_request","hostname":"WIN-7DM6N36LL6N","level":"performance","message":"http_request","method":"POST","path":"/api/auth/login","pid":10207,"service":"trivia-game","statusCode":200,"timestamp":"2025-12-25 22:13:16.359","version":"1.0.0"}
{"category":"HTTP","environment":"development","hostname":"WIN-7DM6N36LL6N","level":"info","message":"HTTP request received","method":"GET","path":"/game.html","pid":10207,"referer":"http://localhost:5000/login.html","service":"trivia-game","timestamp":"2025-12-25 22:13:17.383","version":"1.0.0"}
{"category":"HTTP","correlationId":"27da3438-818f-424c-8ceb-3eddc649a5d7","duration":150,"environment":"development","hostname":"WIN-7DM6N36LL6N","level":"info","message":"HTTP request","method":"GET","path":"/game.html","pid":10207,"service":"trivia-game","statusCode":200,"timestamp":"2025-12-25 22:13:17.535","version":"1.0.0"}
{"category":"PERFORMANCE","correlationId":"27da3438-818f-424c-8ceb-3eddc649a5d7","duration":150,"environment":"development","event":"http_request","hostname":"WIN-7DM6N36LL6N","level":"performance","message":"http_request","method":"GET","path":"/game.html","pid":10207,"service":"trivia-game","statusCode":200,"timestamp":"2025-12-25 22:13:17.535","version":"1.0.0"}
{"category":"SOCKET","duration":19578,"environment":"development","event":"disconnect","hostname":"WIN-7DM6N36LL6N","level":"info","message":"Socket disconnected","pid":10207,"reason":"transport close","service":"trivia-game","timestamp":"2025-12-25 22:13:17.553","version":"1.0.0","walletAddress":"3gomdZAz5M3CkH2AQ8GwciUveJgTJ5Sm8kHERmF94X5y"}
{"category":"METRIC","duration":19578,"environment":"development","event":"socket_session","hostname":"WIN-7DM6N36LL6N","level":"info","message":"socket_session","pid":10207,"reason":"transport close","service":"trivia-game","timestamp":"2025-12-25 22:13:17.554","version":"1.0.0","walletAddress":"3gomdZAz5M3CkH2AQ8GwciUveJgTJ5Sm8kHERmF94X5y"}
{"environment":"development","hostname":"WIN-7DM6N36LL6N","level":"info","message":"Client disconnected:","pid":10207,"service":"trivia-game","timestamp":"2025-12-25 22:13:17.556","version":"1.0.0"}
{"environment":"development","hostname":"WIN-7DM6N36LL6N","level":"info","message":"No room associated with disconnected socket a_YCWp-zlR82kyLEAAAB","pid":10207,"service":"trivia-game","timestamp":"2025-12-25 22:13:17.557","version":"1.0.0"}
{"category":"HTTP","environment":"development","hostname":"WIN-7DM6N36LL6N","level":"info","message":"HTTP request received","method":"GET","path":"/.well-known/appspecific/com.chrome.devtools.json","pid":10207,"service":"trivia-game","timestamp":"2025-12-25 22:13:17.578","version":"1.0.0"}
{"category":"HTTP","environment":"development","hostname":"WIN-7DM6N36LL6N","level":"info","message":"HTTP request received","method":"GET","path":"/styles.css","pid":10207,"referer":"http://localhost:5000/game.html","service":"trivia-game","timestamp":"2025-12-25 22:13:17.582","version":"1.0.0"}
{"category":"HTTP","environment":"development","hostname":"WIN-7DM6N36LL6N","level":"info","message":"HTTP request received","method":"GET","path":"/assets/button-7.mp3","pid":10207,"referer":"http://localhost:5000/game.html","service":"trivia-game","timestamp":"2025-12-25 22:13:18.580","version":"1.0.0"}
{"category":"SOCKET","environment":"development","event":"connect","hostname":"WIN-7DM6N36LL6N","level":"info","message":"Socket connected","pid":10207,"service":"trivia-game","timestamp":"2025-12-25 22:13:18.637","transport":"polling","version":"1.0.0"}
{"category":"AUTH","environment":"development","event":"socket_authenticated","hostname":"WIN-7DM6N36LL6N","ip":"::1","level":"security","message":"socket_authenticated","pid":10207,"service":"trivia-game","socketId":"1peZnQObknDxzWGSAAAD","timestamp":"2025-12-25 22:13:18.908","transport":"polling","userAgent":"Mozilla/5.0 (Windows NT 10.0; Win64; x64) AppleWebKit/537.36 (KHTML, like Gecko) Chrome/143.0.0.0 Safari/537.36","version":"1.0.0","walletAddress":"3gomdZAz5M3CkH2AQ8GwciUveJgTJ5Sm8kHERmF94X5y"}
{"environment":"development","error":{},"hostname":"WIN-7DM6N36LL6N","level":"error","message":"[AUTH] Connection middleware error:","pid":10207,"service":"trivia-game","timestamp":"2025-12-25 22:13:18.909","version":"1.0.0"}
{"category":"HTTP","environment":"development","hostname":"WIN-7DM6N36LL6N","level":"info","message":"HTTP request received","method":"GET","path":"/api/auth/session","pid":10207,"referer":"http://localhost:5000/game.html","service":"trivia-game","timestamp":"2025-12-25 22:13:19.377","version":"1.0.0"}
{"category":"HTTP","correlationId":"9c98bb3c-90f6-4b44-b43b-f76d882a745b","duration":5,"environment":"development","hostname":"WIN-7DM6N36LL6N","level":"info","message":"HTTP request","method":"GET","path":"/api/auth/session","pid":10207,"service":"trivia-game","statusCode":200,"timestamp":"2025-12-25 22:13:19.383","version":"1.0.0"}
{"category":"PERFORMANCE","correlationId":"9c98bb3c-90f6-4b44-b43b-f76d882a745b","duration":5,"environment":"development","event":"http_request","hostname":"WIN-7DM6N36LL6N","level":"performance","message":"http_request","method":"GET","path":"/api/auth/session","pid":10207,"service":"trivia-game","statusCode":200,"timestamp":"2025-12-25 22:13:19.383","version":"1.0.0"}
